<?xml version="1.0" encoding="UTF-8"?>
<!-- Generated by org.testng.reporters.JUnitXMLReporter -->
<testsuite ignored="0" hostname="DESKTOP-92J101I" failures="0" tests="4" name="Default test" time="11.026" errors="0" timestamp="2023-05-23T12:23:45 IST">
  <testcase classname="api.test.UserTests" name="testPostUser" time="4.622"/>
  <testcase classname="api.test.UserTests" name="testGetUserByName" time="1.278"/>
  <testcase classname="api.test.UserTests" name="testUpdateUserByName" time="2.356"/>
  <testcase classname="api.test.UserTests" name="testDeleteUserByName" time="1.148"/>
</testsuite> <!-- Default test -->
