<?xml version="1.0" encoding="UTF-8"?>
<testng-results ignored="0" total="4" passed="4" failed="0" skipped="0">
  <reporter-output>
  </reporter-output>
  <suite started-at="2023-05-23T12:24:46 IST" name="Suite" finished-at="2023-05-23T12:25:04 IST" duration-ms="17305">
    <groups>
    </groups>
    <test started-at="2023-05-23T12:24:46 IST" name="Test" finished-at="2023-05-23T12:25:04 IST" duration-ms="17305">
      <class name="api.test.UserTests">
        <test-method is-config="true" signature="setUpData()[pri:0, instance:api.test.UserTests@3a93b025]" started-at="2023-05-23T12:24:47 IST" name="setUpData" finished-at="2023-05-23T12:24:50 IST" duration-ms="2994" status="PASS">
          <reporter-output>
          </reporter-output>
        </test-method> <!-- setUpData -->
        <test-method signature="testPostUser()[pri:1, instance:api.test.UserTests@3a93b025]" started-at="2023-05-23T12:24:50 IST" name="testPostUser" finished-at="2023-05-23T12:24:59 IST" duration-ms="8526" status="PASS">
          <reporter-output>
          </reporter-output>
        </test-method> <!-- testPostUser -->
        <test-method signature="testGetUserByName()[pri:2, instance:api.test.UserTests@3a93b025]" started-at="2023-05-23T12:24:59 IST" name="testGetUserByName" finished-at="2023-05-23T12:25:00 IST" duration-ms="1146" status="PASS">
          <reporter-output>
          </reporter-output>
        </test-method> <!-- testGetUserByName -->
        <test-method signature="testUpdateUserByName()[pri:3, instance:api.test.UserTests@3a93b025]" started-at="2023-05-23T12:25:00 IST" name="testUpdateUserByName" finished-at="2023-05-23T12:25:02 IST" duration-ms="2304" status="PASS">
          <reporter-output>
          </reporter-output>
        </test-method> <!-- testUpdateUserByName -->
        <test-method signature="testDeleteUserByName()[pri:4, instance:api.test.UserTests@3a93b025]" started-at="2023-05-23T12:25:02 IST" name="testDeleteUserByName" finished-at="2023-05-23T12:25:04 IST" duration-ms="1123" status="PASS">
          <reporter-output>
          </reporter-output>
        </test-method> <!-- testDeleteUserByName -->
      </class> <!-- api.test.UserTests -->
    </test> <!-- Test -->
  </suite> <!-- Suite -->
</testng-results>
